Start testing: Mar 17 12:29 ?rodkowoeuropejski czas stand.
----------------------------------------------------------
1/3 Testing: LaborkaPodstawowyTest
1/3 Test: LaborkaPodstawowyTest
Command: "C:/Users/Marty/Documents/STUDIA/KWTM/project/build/Debug/Laborka.exe"
Directory: C:/Users/Marty/Documents/STUDIA/KWTM/project/build
"LaborkaPodstawowyTest" start time: Mar 17 12:29 ?rodkowoeuropejski czas stand.
Output:
----------------------------------------------------------
TRIGONOMETRY COS:
0.525322
<end of output>
Test time =   0.01 sec
----------------------------------------------------------
Test Passed.
"LaborkaPodstawowyTest" end time: Mar 17 12:29 ?rodkowoeuropejski czas stand.
"LaborkaPodstawowyTest" time elapsed: 00:00:00
----------------------------------------------------------

2/3 Testing: LaborkaWynikSin45
2/3 Test: LaborkaWynikSin45
Command: "C:/Users/Marty/Documents/STUDIA/KWTM/project/build/Debug/Laborka.exe" "45"
Directory: C:/Users/Marty/Documents/STUDIA/KWTM/project/build
"LaborkaWynikSin45" start time: Mar 17 12:29 ?rodkowoeuropejski czas stand.
Output:
----------------------------------------------------------
TRIGONOMETRY COS:
0.525322
<end of output>
Test time =   0.01 sec
----------------------------------------------------------
Test Fail Reason:
Required regular expression not found. Regex=[0[.,]70710
]
"LaborkaWynikSin45" end time: Mar 17 12:29 ?rodkowoeuropejski czas stand.
"LaborkaWynikSin45" time elapsed: 00:00:00
----------------------------------------------------------

3/3 Testing: Laborka3sek
3/3 Test: Laborka3sek
Command: "C:/Users/Marty/Documents/STUDIA/KWTM/project/build/Debug/Laborka.exe"
Directory: C:/Users/Marty/Documents/STUDIA/KWTM/project/build
"Laborka3sek" start time: Mar 17 12:29 ?rodkowoeuropejski czas stand.
Output:
----------------------------------------------------------
TRIGONOMETRY COS:
0.525322
<end of output>
Test time =   0.01 sec
----------------------------------------------------------
Test Passed.
"Laborka3sek" end time: Mar 17 12:29 ?rodkowoeuropejski czas stand.
"Laborka3sek" time elapsed: 00:00:00
----------------------------------------------------------

End testing: Mar 17 12:29 ?rodkowoeuropejski czas stand.
